Traceback (most recent call last):
  File "/opt/hostedtoolcache/Python/3.12.10/x64/lib/python3.12/site-packages/jupyter_core/utils/__init__.py", line 154, in wrapped
    asyncio.get_running_loop()
RuntimeError: no running event loop

During handling of the above exception, another exception occurred:

Traceback (most recent call last):
  File "/opt/hostedtoolcache/Python/3.12.10/x64/lib/python3.12/site-packages/jupyter_cache/executors/utils.py", line 58, in single_nb_execution
    executenb(
  File "/opt/hostedtoolcache/Python/3.12.10/x64/lib/python3.12/site-packages/nbclient/client.py", line 1319, in execute
    return NotebookClient(nb=nb, resources=resources, km=km, **kwargs).execute()
           ^^^^^^^^^^^^^^^^^^^^^^^^^^^^^^^^^^^^^^^^^^^^^^^^^^^^^^^^^^^^^^^^^^^^^
  File "/opt/hostedtoolcache/Python/3.12.10/x64/lib/python3.12/site-packages/jupyter_core/utils/__init__.py", line 158, in wrapped
    return loop.run_until_complete(inner)
           ^^^^^^^^^^^^^^^^^^^^^^^^^^^^^^
  File "/opt/hostedtoolcache/Python/3.12.10/x64/lib/python3.12/asyncio/base_events.py", line 691, in run_until_complete
    return future.result()
           ^^^^^^^^^^^^^^^
  File "/opt/hostedtoolcache/Python/3.12.10/x64/lib/python3.12/site-packages/nbclient/client.py", line 709, in async_execute
    await self.async_execute_cell(
  File "/opt/hostedtoolcache/Python/3.12.10/x64/lib/python3.12/site-packages/nbclient/client.py", line 1062, in async_execute_cell
    await self._check_raise_for_error(cell, cell_index, exec_reply)
  File "/opt/hostedtoolcache/Python/3.12.10/x64/lib/python3.12/site-packages/nbclient/client.py", line 918, in _check_raise_for_error
    raise CellExecutionError.from_cell_and_msg(cell, exec_reply_content)
nbclient.exceptions.CellExecutionError: An error occurred while executing the following cell:
------------------
model = '2013-QMC-NM'
mic = nuda.matter.setupMicro( model = model )
------------------

----- stdout -----
model ->  2013-QMC-NM
setup_micro: The model name  2013-QMC-NM  is not in the list of models.
setup_micro: list of models: ['1981-VAR-AM-FP', '1998-VAR-AM-APR', '1998-VAR-AM-APR-fit', '2012-AFDMC-NM-RES-1', '2012-AFDMC-NM-RES-2', '2012-AFDMC-NM-RES-3', '2012-AFDMC-NM-RES-4', '2012-AFDMC-NM-RES-5', '2012-AFDMC-NM-RES-6', '2012-AFDMC-NM-RES-7', '2012-AFDMC-NM-FIT-1', '2012-AFDMC-NM-FIT-2', '2012-AFDMC-NM-FIT-3', '2012-AFDMC-NM-FIT-4', '2012-AFDMC-NM-FIT-5', '2012-AFDMC-NM-FIT-6', '2012-AFDMC-NM-FIT-7', '2022-AFDMC-NM', '2024-BHF-AM-2BF-Av18', '2024-BHF-AM-2BF-BONN', '2024-BHF-AM-2BF-CDBONN', '2024-BHF-AM-2BF-NSC97a', '2024-BHF-AM-2BF-NSC97b', '2024-BHF-AM-2BF-NSC97c', '2024-BHF-AM-2BF-NSC97d', '2024-BHF-AM-2BF-NSC97e', '2024-BHF-AM-2BF-NSC97f', '2006-BHF-AM-Av18', '2024-BHF-AM-23BF-Av18', '2024-BHF-AM-23BF-BONN', '2024-BHF-AM-23BF-CDBONN', '2024-BHF-AM-23BF-NSC97a', '2024-BHF-AM-23BF-NSC97b', '2024-BHF-AM-23BF-NSC97c', '2024-BHF-AM-23BF-NSC97d', '2024-BHF-AM-23BF-NSC97e', '2024-BHF-AM-23BF-NSC97f', '2008-QMC-NM-swave', '2010-QMC-NM-AV4', '2009-DLQMC-NM', '2014-AFQMC-NM', '2016-QMC-NM', '2018-QMC-NM', '2024-QMC-NM', '2013-MBPT-NM', '2016-MBPT-AM', '2019-MBPT-AM-L59', '2019-MBPT-AM-L69', '2020-MBPT-AM', '2024-NLEFT-AM']
setup_micro: -- Exit the code --
------------------

[31m---------------------------------------------------------------------------[39m
[31mNameError[39m                                 Traceback (most recent call last)
[36mCell[39m[36m [39m[32mIn[4][39m[32m, line 2[39m
[32m      1[39m model = [33m'[39m[33m2013-QMC-NM[39m[33m'[39m
[32m----> [39m[32m2[39m mic = [43mnuda[49m[43m.[49m[43mmatter[49m[43m.[49m[43msetupMicro[49m[43m([49m[43m [49m[43mmodel[49m[43m [49m[43m=[49m[43m [49m[43mmodel[49m[43m [49m[43m)[49m

[36mFile [39m[32m~/work/nucleardatapy/nucleardatapy/version-1.0/nucleardatapy/matter/setup_micro.py:380[39m, in [36msetupMicro.__init__[39m[34m(self, model, var1, var2)[39m
[32m    378[39m     [38;5;28mprint[39m([33m"[39m[33msetup_micro: list of models:[39m[33m"[39m, models)
[32m    379[39m     [38;5;28mprint[39m([33m"[39m[33msetup_micro: -- Exit the code --[39m[33m"[39m)
[32m--> [39m[32m380[39m     [43mexit[49m()
[32m    381[39m [38;5;66;03m#[39;00m
[32m    382[39m [38;5;66;03m# ==============================[39;00m
[32m    383[39m [38;5;66;03m# Read files associated to model[39;00m
[32m    384[39m [38;5;66;03m# ==============================[39;00m
[32m    385[39m [38;5;66;03m#[39;00m
[32m    386[39m [38;5;28mself[39m.nm_rmass = nuda.cst.mnc2

[31mNameError[39m: name 'exit' is not defined

